Using pre-set license
Built from '2020.3/staging' branch; Version is '2020.3.16f1 (049d6eca3c44) revision 302446'; Using compiler version '192528614'; Build Type 'Release'
OS: 'Windows 10 Pro; OS build 19042.1165; Version 2009; 64bit' Language: 'en' Physical Memory: 10120 MB
BatchMode: 1, IsHumanControllingUs: 0, StartBugReporterOnCrash: 0, Is64bit: 1, IsPro: 0

 COMMAND LINE ARGUMENTS:
C:\Program Files\Unity\2020.3.16f1\Editor\Unity.exe
-adb2
-batchMode
-noUpm
-name
AssetImportWorker0
-projectPath
C:/Users/Dell/InternShip/DoorMazeGame/DoorMazeEnemyGame
-logFile
Logs/AssetImportWorker0.log
-srvPort
52556
Successfully changed project path to: C:/Users/Dell/InternShip/DoorMazeGame/DoorMazeEnemyGame
C:/Users/Dell/InternShip/DoorMazeGame/DoorMazeEnemyGame
Using Asset Import Pipeline V2.
Refreshing native plugins compatible for Editor in 111.62 ms, found 5 plugins.
Preloading 0 native plugins for Editor in 0.00 ms.
Initialize engine version: 2020.3.16f1 (049d6eca3c44)
[Subsystems] Discovering subsystems at path C:/Program Files/Unity/2020.3.16f1/Editor/Data/Resources/UnitySubsystems
[Subsystems] Discovering subsystems at path C:/Users/Dell/InternShip/DoorMazeGame/DoorMazeEnemyGame/Assets
GfxDevice: creating device client; threaded=0
Direct3D:
    Version:  Direct3D 11.0 [level 10.1]
    Renderer: Intel(R) HD Graphics 3000 (ID=0x116)
    Vendor:   
    VRAM:     128 MB
    Driver:   9.17.10.4459
Initialize mono
Mono path[0] = 'C:/Program Files/Unity/2020.3.16f1/Editor/Data/Managed'
Mono path[1] = 'C:/Program Files/Unity/2020.3.16f1/Editor/Data/MonoBleedingEdge/lib/mono/unityjit'
Mono config path = 'C:/Program Files/Unity/2020.3.16f1/Editor/Data/MonoBleedingEdge/etc'
Using monoOptions --debugger-agent=transport=dt_socket,embedding=1,server=y,suspend=n,address=127.0.0.1:56420
Begin MonoManager ReloadAssembly
Registering precompiled unity dll's ...
Register platform support module: C:/Program Files/Unity/2020.3.16f1/Editor/Data/PlaybackEngines/WindowsStandaloneSupport/UnityEditor.WindowsStandalone.Extensions.dll
Registered in 0.009234 seconds.
Native extension for WindowsStandalone target not found
Refreshing native plugins compatible for Editor in 81.39 ms, found 5 plugins.
Preloading 0 native plugins for Editor in 0.00 ms.
Mono: successfully reloaded assembly
- Completed reload, in  5.316 seconds
Domain Reload Profiling:
	ReloadAssembly (5317ms)
		BeginReloadAssembly (254ms)
			ExecutionOrderSort (0ms)
			DisableScriptedObjects (0ms)
			BackupInstance (0ms)
			ReleaseScriptingObjects (0ms)
			CreateAndSetChildDomain (1ms)
		EndReloadAssembly (965ms)
			LoadAssemblies (250ms)
			RebuildTransferFunctionScriptingTraits (0ms)
			SetupTypeCache (342ms)
			ReleaseScriptCaches (0ms)
			RebuildScriptCaches (82ms)
			SetupLoadedEditorAssemblies (367ms)
				LogAssemblyErrors (0ms)
				InitializePlatformSupportModulesInManaged (8ms)
				SetLoadedEditorAssemblies (1ms)
				RefreshPlugins (82ms)
				BeforeProcessingInitializeOnLoad (40ms)
				ProcessInitializeOnLoadAttributes (172ms)
				ProcessInitializeOnLoadMethodAttributes (64ms)
				AfterProcessingInitializeOnLoad (0ms)
				EditorAssembliesLoaded (1ms)
			ExecutionOrderSort2 (0ms)
			AwakeInstancesAfterBackupRestoration (0ms)
Platform modules already initialized, skipping
Registering precompiled user dll's ...
Registered in 0.024539 seconds.
Begin MonoManager ReloadAssembly
Native extension for WindowsStandalone target not found
Refreshing native plugins compatible for Editor in 0.86 ms, found 5 plugins.
Preloading 0 native plugins for Editor in 0.00 ms.
Mono: successfully reloaded assembly
- Completed reload, in  2.697 seconds
Domain Reload Profiling:
	ReloadAssembly (2699ms)
		BeginReloadAssembly (332ms)
			ExecutionOrderSort (0ms)
			DisableScriptedObjects (9ms)
			BackupInstance (0ms)
			ReleaseScriptingObjects (0ms)
			CreateAndSetChildDomain (36ms)
		EndReloadAssembly (2234ms)
			LoadAssemblies (256ms)
			RebuildTransferFunctionScriptingTraits (1ms)
			SetupTypeCache (642ms)
			ReleaseScriptCaches (1ms)
			RebuildScriptCaches (140ms)
			SetupLoadedEditorAssemblies (989ms)
				LogAssemblyErrors (0ms)
				InitializePlatformSupportModulesInManaged (16ms)
				SetLoadedEditorAssemblies (1ms)
				RefreshPlugins (1ms)
				BeforeProcessingInitializeOnLoad (193ms)
				ProcessInitializeOnLoadAttributes (749ms)
				ProcessInitializeOnLoadMethodAttributes (11ms)
				AfterProcessingInitializeOnLoad (16ms)
				EditorAssembliesLoaded (1ms)
			ExecutionOrderSort2 (0ms)
			AwakeInstancesAfterBackupRestoration (33ms)
Platform modules already initialized, skipping
========================================================================
Worker process is ready to serve import requests
Launched and connected shader compiler UnityShaderCompiler.exe after 0.10 seconds
Refreshing native plugins compatible for Editor in 0.90 ms, found 5 plugins.
Preloading 0 native plugins for Editor in 0.00 ms.
Unloading 1755 Unused Serialized files (Serialized files now loaded: 0)
System memory in use before: 92.7 MB.
System memory in use after: 92.8 MB.

Unloading 26 unused Assets to reduce memory usage. Loaded Objects now: 2203.
Total: 4.627900 ms (FindLiveObjects: 0.222600 ms CreateObjectMapping: 0.086500 ms MarkObjects: 4.239500 ms  DeleteObjects: 0.076600 ms)

AssetImportParameters requested are different than current active one (requested -> active):
  custom:framework-win-MediaFoundation: 216162199b28c13a410421893ffa2e32 -> 
  custom:video-decoder-ogg-theora: a1e56fd34408186e4bbccfd4996cb3dc -> 
  custom:container-muxer-webm: aa71ff27fc2769a1b78a27578f13a17b -> 
  custom:container-demuxer-webm: 4f35f7cbe854078d1ac9338744f61a02 -> 
  custom:container-demuxer-ogg: 62fdf1f143b41e24485cea50d1cbac27 -> 
  custom:video-encoder-webm-vp8: eb34c28f22e8b96e1ab97ce403110664 -> 
  custom:video-decoder-webm-vp8: 9c59270c3fd7afecdb556c50c9e8de78 -> 
  custom:audio-decoder-ogg-vorbis: bf7c407c2cedff20999df2af8eb42d56 -> 
  custom:audio-encoder-webm-vorbis: bf7c407c2cedff20999df2af8eb42d56 -> 
========================================================================
Received Import Request.
  path: Assets/Scenes/SampleScene
  artifactKey: Guid(8116630266f518a439bc2c84df8f3b18) Importer(815301076,1909f56bfc062723c751e8b465ee728b)
Start importing Assets/Scenes/SampleScene using Guid(8116630266f518a439bc2c84df8f3b18) Importer(815301076,1909f56bfc062723c751e8b465ee728b)  -> (artifact id: 'ad6739e8c807504a55f1f938de7d0508') in 0.015181 seconds 
  Import took 0.020993 seconds .

========================================================================
Received Import Request.
  Time since last request: 0.000446 seconds.
  path: Assets/Scenes/SampleSceneSettings.lighting
  artifactKey: Guid(7bf1c7a1e587c0b458cec3e6c7181ed3) Importer(815301076,1909f56bfc062723c751e8b465ee728b)
Start importing Assets/Scenes/SampleSceneSettings.lighting using Guid(7bf1c7a1e587c0b458cec3e6c7181ed3) Importer(815301076,1909f56bfc062723c751e8b465ee728b)  -> (artifact id: 'b382db31b5442d497a0ba311929b99a0') in 0.069044 seconds 
  Import took 0.077022 seconds .

========================================================================
Received Import Request.
  Time since last request: 0.001094 seconds.
  path: Assets/Scenes/SampleScene.unity
  artifactKey: Guid(9fc0d4010bbf28b4594072e72b8655ab) Importer(815301076,1909f56bfc062723c751e8b465ee728b)
Start importing Assets/Scenes/SampleScene.unity using Guid(9fc0d4010bbf28b4594072e72b8655ab) Importer(815301076,1909f56bfc062723c751e8b465ee728b)  -> (artifact id: '84d686658610bb75a7a8c78351751ea0') in 0.004189 seconds 
  Import took 0.008782 seconds .

========================================================================
Received Import Request.
  Time since last request: 5.382096 seconds.
  path: Assets/Scenes/SampleScene 1.unity
  artifactKey: Guid(b51aaf51e0b6fc34886371a3fc8fbca2) Importer(815301076,1909f56bfc062723c751e8b465ee728b)
Start importing Assets/Scenes/SampleScene 1.unity using Guid(b51aaf51e0b6fc34886371a3fc8fbca2) Importer(815301076,1909f56bfc062723c751e8b465ee728b)  -> (artifact id: '226366fdc3ce219fdc236a541f3543a0') in 0.005149 seconds 
  Import took 0.012563 seconds .

========================================================================
Received Import Request.
  Time since last request: 9.593058 seconds.
  path: Assets/Scenes/Level 2.unity
  artifactKey: Guid(b51aaf51e0b6fc34886371a3fc8fbca2) Importer(815301076,1909f56bfc062723c751e8b465ee728b)
Start importing Assets/Scenes/Level 2.unity using Guid(b51aaf51e0b6fc34886371a3fc8fbca2) Importer(815301076,1909f56bfc062723c751e8b465ee728b)  -> (artifact id: '664ecc9343e50a6936223a652f00eb11') in 0.004839 seconds 
  Import took 0.010134 seconds .

========================================================================
Received Import Request.
  Time since last request: 20.683160 seconds.
  path: Assets/Scenes/Level 1.unity
  artifactKey: Guid(9fc0d4010bbf28b4594072e72b8655ab) Importer(815301076,1909f56bfc062723c751e8b465ee728b)
Start importing Assets/Scenes/Level 1.unity using Guid(9fc0d4010bbf28b4594072e72b8655ab) Importer(815301076,1909f56bfc062723c751e8b465ee728b)  -> (artifact id: 'a42a1a7e426b85686bc514a060f3c4cf') in 0.006288 seconds 
  Import took 0.012529 seconds .

========================================================================
Received Import Request.
  Time since last request: 85.435710 seconds.
  path: Assets/Scenes/Level 2.unity
  artifactKey: Guid(b51aaf51e0b6fc34886371a3fc8fbca2) Importer(815301076,1909f56bfc062723c751e8b465ee728b)
Start importing Assets/Scenes/Level 2.unity using Guid(b51aaf51e0b6fc34886371a3fc8fbca2) Importer(815301076,1909f56bfc062723c751e8b465ee728b)  -> (artifact id: '48b54047aea500e71159cbd533b6f185') in 0.005827 seconds 
  Import took 0.018479 seconds .

========================================================================
Received Import Request.
  Time since last request: 4.281605 seconds.
  path: Assets/Scenes/Level 3.unity
  artifactKey: Guid(7514340f2371f7040a439352547b6c4d) Importer(815301076,1909f56bfc062723c751e8b465ee728b)
Start importing Assets/Scenes/Level 3.unity using Guid(7514340f2371f7040a439352547b6c4d) Importer(815301076,1909f56bfc062723c751e8b465ee728b)  -> (artifact id: '3065afe064615d685703ff55e0d2ef0f') in 0.006803 seconds 
  Import took 0.015504 seconds .

========================================================================
Received Import Request.
  Time since last request: 459.422993 seconds.
  path: Assets/Scenes/Level 4.unity
  artifactKey: Guid(075aa5fa35a5cb341ac5b126bfe5b23a) Importer(815301076,1909f56bfc062723c751e8b465ee728b)
Start importing Assets/Scenes/Level 4.unity using Guid(075aa5fa35a5cb341ac5b126bfe5b23a) Importer(815301076,1909f56bfc062723c751e8b465ee728b)  -> (artifact id: '81af0a4d7c879e9385928dfcb718c933') in 0.005633 seconds 
  Import took 0.013704 seconds .

========================================================================
Received Import Request.
  Time since last request: 1.529179 seconds.
  path: Assets/Scenes/Level 5.unity
  artifactKey: Guid(a084e7cbe08548843baa73d883ca288a) Importer(815301076,1909f56bfc062723c751e8b465ee728b)
Start importing Assets/Scenes/Level 5.unity using Guid(a084e7cbe08548843baa73d883ca288a) Importer(815301076,1909f56bfc062723c751e8b465ee728b)  -> (artifact id: 'fd78123174a2a9c412275ffb2095c77d') in 0.005665 seconds 
  Import took 0.010851 seconds .

========================================================================
Received Import Request.
  Time since last request: 112.519716 seconds.
  path: Assets/Scenes/Level 4.unity
  artifactKey: Guid(075aa5fa35a5cb341ac5b126bfe5b23a) Importer(815301076,1909f56bfc062723c751e8b465ee728b)
Start importing Assets/Scenes/Level 4.unity using Guid(075aa5fa35a5cb341ac5b126bfe5b23a) Importer(815301076,1909f56bfc062723c751e8b465ee728b)  -> (artifact id: 'eab4d9aee69463255b8e4550a3959852') in 0.005497 seconds 
  Import took 0.017971 seconds .

========================================================================
Received Import Request.
  Time since last request: 29.705262 seconds.
  path: Assets/Scenes/Level 50.unity
  artifactKey: Guid(a084e7cbe08548843baa73d883ca288a) Importer(815301076,1909f56bfc062723c751e8b465ee728b)
Start importing Assets/Scenes/Level 50.unity using Guid(a084e7cbe08548843baa73d883ca288a) Importer(815301076,1909f56bfc062723c751e8b465ee728b)  -> (artifact id: '2185946b863770ea9d30438f70d56193') in 0.005007 seconds 
  Import took 0.012043 seconds .

========================================================================
Received Import Request.
  Time since last request: 8.112153 seconds.
  path: Assets/Scenes/Level 5.unity
  artifactKey: Guid(075aa5fa35a5cb341ac5b126bfe5b23a) Importer(815301076,1909f56bfc062723c751e8b465ee728b)
Start importing Assets/Scenes/Level 5.unity using Guid(075aa5fa35a5cb341ac5b126bfe5b23a) Importer(815301076,1909f56bfc062723c751e8b465ee728b)  -> (artifact id: 'fabe5ffdb756ba362a16d50d73d3a7e7') in 0.005833 seconds 
  Import took 0.010996 seconds .

========================================================================
Received Import Request.
  Time since last request: 9.279756 seconds.
  path: Assets/Scenes/Level 4.unity
  artifactKey: Guid(a084e7cbe08548843baa73d883ca288a) Importer(815301076,1909f56bfc062723c751e8b465ee728b)
Start importing Assets/Scenes/Level 4.unity using Guid(a084e7cbe08548843baa73d883ca288a) Importer(815301076,1909f56bfc062723c751e8b465ee728b)  -> (artifact id: '945007ff5af4cac865d660c19ffbb46f') in 0.004392 seconds 
  Import took 0.009626 seconds .

========================================================================
Received Prepare
Registering precompiled user dll's ...
Registered in 0.012672 seconds.
Begin MonoManager ReloadAssembly
Native extension for WindowsStandalone target not found
Refreshing native plugins compatible for Editor in 0.81 ms, found 5 plugins.
Preloading 0 native plugins for Editor in 0.00 ms.
Mono: successfully reloaded assembly
- Completed reload, in  2.803 seconds
Domain Reload Profiling:
	ReloadAssembly (2804ms)
		BeginReloadAssembly (333ms)
			ExecutionOrderSort (0ms)
			DisableScriptedObjects (27ms)
			BackupInstance (0ms)
			ReleaseScriptingObjects (0ms)
			CreateAndSetChildDomain (94ms)
		EndReloadAssembly (2332ms)
			LoadAssemblies (250ms)
			RebuildTransferFunctionScriptingTraits (0ms)
			SetupTypeCache (659ms)
			ReleaseScriptCaches (2ms)
			RebuildScriptCaches (129ms)
			SetupLoadedEditorAssemblies (1048ms)
				LogAssemblyErrors (0ms)
				InitializePlatformSupportModulesInManaged (13ms)
				SetLoadedEditorAssemblies (1ms)
				RefreshPlugins (1ms)
				BeforeProcessingInitializeOnLoad (214ms)
				ProcessInitializeOnLoadAttributes (795ms)
				ProcessInitializeOnLoadMethodAttributes (10ms)
				AfterProcessingInitializeOnLoad (14ms)
				EditorAssembliesLoaded (1ms)
			ExecutionOrderSort2 (0ms)
			AwakeInstancesAfterBackupRestoration (23ms)
Platform modules already initialized, skipping
Switching build target platform(19) subTarget(0) extendedPlatform(0) -> platform(13) subTarget(537395200) extendedPlatform(0)
Refreshing native plugins compatible for Editor in 0.87 ms, found 5 plugins.
Preloading 0 native plugins for Editor in 0.00 ms.
Unloading 1731 Unused Serialized files (Serialized files now loaded: 0)
System memory in use before: 90.0 MB.
System memory in use after: 90.1 MB.

Unloading 22 unused Assets to reduce memory usage. Loaded Objects now: 2205.
Total: 6.148000 ms (FindLiveObjects: 0.218200 ms CreateObjectMapping: 0.120200 ms MarkObjects: 5.739900 ms  DeleteObjects: 0.066900 ms)

AssetImportParameters requested are different than current active one (requested -> active):
  custom:framework-win-MediaFoundation: 216162199b28c13a410421893ffa2e32 -> 
  custom:video-decoder-ogg-theora: a1e56fd34408186e4bbccfd4996cb3dc -> 
  custom:container-muxer-webm: aa71ff27fc2769a1b78a27578f13a17b -> 
  custom:container-demuxer-webm: 4f35f7cbe854078d1ac9338744f61a02 -> 
  custom:container-demuxer-ogg: 62fdf1f143b41e24485cea50d1cbac27 -> 
  custom:video-encoder-webm-vp8: eb34c28f22e8b96e1ab97ce403110664 -> 
  custom:video-decoder-webm-vp8: 9c59270c3fd7afecdb556c50c9e8de78 -> 
  custom:graphics/normal-map-encoding: 01000000000000000000000000000000 -> 02000000000000000000000000000000
  custom:audio-decoder-ogg-vorbis: bf7c407c2cedff20999df2af8eb42d56 -> 
  custom:audio-encoder-webm-vorbis: bf7c407c2cedff20999df2af8eb42d56 -> 
========================================================================
Received Import Request.
  Time since last request: 1504.567271 seconds.
  path: Assets/Scripts/aaPathMover.cs
  artifactKey: Guid(807dcc23b03568f4babd43518f31bf09) Importer(815301076,1909f56bfc062723c751e8b465ee728b)
Start importing Assets/Scripts/aaPathMover.cs using Guid(807dcc23b03568f4babd43518f31bf09) Importer(815301076,1909f56bfc062723c751e8b465ee728b)  -> (artifact id: '877a54e36c091a46a5613cedd92f639e') in 0.027019 seconds 
  Import took 0.032541 seconds .

========================================================================
Received Import Request.
  Time since last request: 0.330549 seconds.
  path: Assets/Prefabs/Enemy Prefab.prefab
  artifactKey: Guid(88673a84e6a415946883b4b0a11260b9) Importer(815301076,1909f56bfc062723c751e8b465ee728b)
Start importing Assets/Prefabs/Enemy Prefab.prefab using Guid(88673a84e6a415946883b4b0a11260b9) Importer(815301076,1909f56bfc062723c751e8b465ee728b)  -> (artifact id: 'ae3c16410d979e1db79b74d0e8ad79b8') in 0.473722 seconds 
  Import took 0.480651 seconds .

========================================================================
Received Import Request.
  Time since last request: 2.887113 seconds.
  path: ProjectSettings/TagManager.asset
  artifactKey: Guid(00000000000000003000000000000000) Importer(815301076,1909f56bfc062723c751e8b465ee728b)
Start importing ProjectSettings/TagManager.asset using Guid(00000000000000003000000000000000) Importer(815301076,1909f56bfc062723c751e8b465ee728b)  -> (artifact id: '2a1aff53b7dcf2c42e9044bed3241332') in 0.022222 seconds 
  Import took 0.028762 seconds .

========================================================================
Received Import Request.
  Time since last request: 0.000537 seconds.
  path: ProjectSettings/TagManager.asset
  artifactKey: Guid(00000000000000003000000000000000) Importer(815301076,1909f56bfc062723c751e8b465ee728b)
Start importing ProjectSettings/TagManager.asset using Guid(00000000000000003000000000000000) Importer(815301076,1909f56bfc062723c751e8b465ee728b)  -> (artifact id: '2a1aff53b7dcf2c42e9044bed3241332') in 0.014099 seconds 
  Import took 0.021508 seconds .

========================================================================
Received Import Request.
  Time since last request: 12.411229 seconds.
  path: Assets/Prefabs/Enemy Prefab.prefab
  artifactKey: Guid(88673a84e6a415946883b4b0a11260b9) Importer(815301076,1909f56bfc062723c751e8b465ee728b)
Start importing Assets/Prefabs/Enemy Prefab.prefab using Guid(88673a84e6a415946883b4b0a11260b9) Importer(815301076,1909f56bfc062723c751e8b465ee728b)  -> (artifact id: '37ed21c08cfddd6bf75889850bc82143') in 0.244523 seconds 
  Import took 0.252026 seconds .

========================================================================
Received Import Request.
  Time since last request: 20.617878 seconds.
  path: Assets/Prefabs/Player.prefab
  artifactKey: Guid(87bf43772ff3e09418085abae9a3f8f3) Importer(815301076,1909f56bfc062723c751e8b465ee728b)
Start importing Assets/Prefabs/Player.prefab using Guid(87bf43772ff3e09418085abae9a3f8f3) Importer(815301076,1909f56bfc062723c751e8b465ee728b)  -> (artifact id: '458814d24e1e4677aedd5eab00900f06') in 0.209254 seconds 
  Import took 0.216807 seconds .

========================================================================
Received Prepare
Registering precompiled user dll's ...
Registered in 0.022539 seconds.
Begin MonoManager ReloadAssembly
Native extension for WindowsStandalone target not found
Refreshing native plugins compatible for Editor in 0.79 ms, found 5 plugins.
Preloading 0 native plugins for Editor in 0.00 ms.
Mono: successfully reloaded assembly
- Completed reload, in  2.331 seconds
Domain Reload Profiling:
	ReloadAssembly (2331ms)
		BeginReloadAssembly (210ms)
			ExecutionOrderSort (0ms)
			DisableScriptedObjects (9ms)
			BackupInstance (0ms)
			ReleaseScriptingObjects (0ms)
			CreateAndSetChildDomain (57ms)
		EndReloadAssembly (1930ms)
			LoadAssemblies (214ms)
			RebuildTransferFunctionScriptingTraits (0ms)
			SetupTypeCache (683ms)
			ReleaseScriptCaches (2ms)
			RebuildScriptCaches (117ms)
			SetupLoadedEditorAssemblies (727ms)
				LogAssemblyErrors (0ms)
				InitializePlatformSupportModulesInManaged (11ms)
				SetLoadedEditorAssemblies (1ms)
				RefreshPlugins (1ms)
				BeforeProcessingInitializeOnLoad (162ms)
				ProcessInitializeOnLoadAttributes (530ms)
				ProcessInitializeOnLoadMethodAttributes (7ms)
				AfterProcessingInitializeOnLoad (15ms)
				EditorAssembliesLoaded (1ms)
			ExecutionOrderSort2 (0ms)
			AwakeInstancesAfterBackupRestoration (11ms)
Platform modules already initialized, skipping
Switching build target platform(19) subTarget(0) extendedPlatform(0) -> platform(13) subTarget(537395200) extendedPlatform(0)
Refreshing native plugins compatible for Editor in 0.81 ms, found 5 plugins.
Preloading 0 native plugins for Editor in 0.00 ms.
Unloading 1731 Unused Serialized files (Serialized files now loaded: 0)
System memory in use before: 93.3 MB.
System memory in use after: 93.4 MB.

Unloading 24 unused Assets to reduce memory usage. Loaded Objects now: 2214.
Total: 6.688300 ms (FindLiveObjects: 0.403000 ms CreateObjectMapping: 0.127700 ms MarkObjects: 6.102200 ms  DeleteObjects: 0.053200 ms)

AssetImportParameters requested are different than current active one (requested -> active):
  custom:framework-win-MediaFoundation: 216162199b28c13a410421893ffa2e32 -> 
  custom:video-decoder-ogg-theora: a1e56fd34408186e4bbccfd4996cb3dc -> 
  custom:container-muxer-webm: aa71ff27fc2769a1b78a27578f13a17b -> 
  custom:container-demuxer-webm: 4f35f7cbe854078d1ac9338744f61a02 -> 
  custom:container-demuxer-ogg: 62fdf1f143b41e24485cea50d1cbac27 -> 
  custom:video-encoder-webm-vp8: eb34c28f22e8b96e1ab97ce403110664 -> 
  custom:video-decoder-webm-vp8: 9c59270c3fd7afecdb556c50c9e8de78 -> 
  custom:graphics/normal-map-encoding: 01000000000000000000000000000000 -> 02000000000000000000000000000000
  custom:audio-decoder-ogg-vorbis: bf7c407c2cedff20999df2af8eb42d56 -> 
  custom:audio-encoder-webm-vorbis: bf7c407c2cedff20999df2af8eb42d56 -> 
========================================================================
Received Import Request.
  Time since last request: 61.662573 seconds.
  path: Assets/Prefabs/Blood.prefab
  artifactKey: Guid(f213d00f13626d74681c5bd3a131ac8f) Importer(815301076,1909f56bfc062723c751e8b465ee728b)
Start importing Assets/Prefabs/Blood.prefab using Guid(f213d00f13626d74681c5bd3a131ac8f) Importer(815301076,1909f56bfc062723c751e8b465ee728b)  -> (artifact id: '53c6408f1c2c5d53788c524aafce669a') in 0.123357 seconds 
  Import took 0.129438 seconds .

========================================================================
Received Import Request.
  Time since last request: 0.000991 seconds.
  path: Assets/Prefabs/Blood.prefab
  artifactKey: Guid(f213d00f13626d74681c5bd3a131ac8f) Importer(815301076,1909f56bfc062723c751e8b465ee728b)
Start importing Assets/Prefabs/Blood.prefab using Guid(f213d00f13626d74681c5bd3a131ac8f) Importer(815301076,1909f56bfc062723c751e8b465ee728b)  -> (artifact id: '53c6408f1c2c5d53788c524aafce669a') in 0.037893 seconds 
  Import took 0.044230 seconds .

========================================================================
Received Import Request.
  Time since last request: 0.000492 seconds.
  path: Assets/Materials/Drop.mat
  artifactKey: Guid(21f9018d7e790d34db1621110c570c88) Importer(815301076,1909f56bfc062723c751e8b465ee728b)
Start importing Assets/Materials/Drop.mat using Guid(21f9018d7e790d34db1621110c570c88) Importer(815301076,1909f56bfc062723c751e8b465ee728b)  -> (artifact id: 'e0b4ede3cbf38841d3ba4938eb1ab4a5') in 0.138994 seconds 
  Import took 0.153411 seconds .

========================================================================
Received Import Request.
  Time since last request: 1.048677 seconds.
  path: Assets/Prefabs/Blood 1.prefab
  artifactKey: Guid(5aac34d371a64914fbd508986d3701d2) Importer(815301076,1909f56bfc062723c751e8b465ee728b)
Start importing Assets/Prefabs/Blood 1.prefab using Guid(5aac34d371a64914fbd508986d3701d2) Importer(815301076,1909f56bfc062723c751e8b465ee728b)  -> (artifact id: '764154c8113397b818f2dfbdc584fe63') in 0.034141 seconds 
  Import took 0.040792 seconds .

========================================================================
Received Import Request.
  Time since last request: 8.611356 seconds.
  path: Assets/Prefabs/BlueBlood.prefab
  artifactKey: Guid(5aac34d371a64914fbd508986d3701d2) Importer(815301076,1909f56bfc062723c751e8b465ee728b)
Start importing Assets/Prefabs/BlueBlood.prefab using Guid(5aac34d371a64914fbd508986d3701d2) Importer(815301076,1909f56bfc062723c751e8b465ee728b)  -> (artifact id: '041a656d60adc97ea9198ced3c5b0b5f') in 0.063455 seconds 
  Import took 0.069624 seconds .

========================================================================
Received Import Request.
  Time since last request: 44.437547 seconds.
  path: Assets/Prefabs/Player.prefab
  artifactKey: Guid(87bf43772ff3e09418085abae9a3f8f3) Importer(815301076,1909f56bfc062723c751e8b465ee728b)
Start importing Assets/Prefabs/Player.prefab using Guid(87bf43772ff3e09418085abae9a3f8f3) Importer(815301076,1909f56bfc062723c751e8b465ee728b)  -> (artifact id: '43401437431d84ce41da0d2a00348468') in 0.242859 seconds 
  Import took 0.254836 seconds .

========================================================================
Received Import Request.
  Time since last request: 5.495809 seconds.
  path: Assets/Prefabs/Player.prefab
  artifactKey: Guid(87bf43772ff3e09418085abae9a3f8f3) Importer(815301076,1909f56bfc062723c751e8b465ee728b)
Start importing Assets/Prefabs/Player.prefab using Guid(87bf43772ff3e09418085abae9a3f8f3) Importer(815301076,1909f56bfc062723c751e8b465ee728b)  -> (artifact id: '3338cc12adb4c510193235f7b3a4b6a2') in 0.233160 seconds 
  Import took 0.239977 seconds .

========================================================================
Received Import Request.
  Time since last request: 1.195683 seconds.
  path: Assets/Prefabs/PlayerClone.prefab
  artifactKey: Guid(f06b3825c0f5cb9459cce97311b93e1d) Importer(815301076,1909f56bfc062723c751e8b465ee728b)
Start importing Assets/Prefabs/PlayerClone.prefab using Guid(f06b3825c0f5cb9459cce97311b93e1d) Importer(815301076,1909f56bfc062723c751e8b465ee728b)  -> (artifact id: 'cad5b799b37e3e5270ef648f147e8722') in 0.219857 seconds 
  Import took 0.227895 seconds .

========================================================================
Received Prepare
Registering precompiled user dll's ...
Registered in 0.024226 seconds.
Begin MonoManager ReloadAssembly
Native extension for WindowsStandalone target not found
Refreshing native plugins compatible for Editor in 0.76 ms, found 5 plugins.
Preloading 0 native plugins for Editor in 0.00 ms.
Mono: successfully reloaded assembly
- Completed reload, in  2.225 seconds
Domain Reload Profiling:
	ReloadAssembly (2226ms)
		BeginReloadAssembly (276ms)
			ExecutionOrderSort (0ms)
			DisableScriptedObjects (8ms)
			BackupInstance (0ms)
			ReleaseScriptingObjects (0ms)
			CreateAndSetChildDomain (63ms)
		EndReloadAssembly (1820ms)
			LoadAssemblies (235ms)
			RebuildTransferFunctionScriptingTraits (0ms)
			SetupTypeCache (569ms)
			ReleaseScriptCaches (2ms)
			RebuildScriptCaches (116ms)
			SetupLoadedEditorAssemblies (727ms)
				LogAssemblyErrors (0ms)
				InitializePlatformSupportModulesInManaged (11ms)
				SetLoadedEditorAssemblies (1ms)
				RefreshPlugins (1ms)
				BeforeProcessingInitializeOnLoad (155ms)
				ProcessInitializeOnLoadAttributes (539ms)
				ProcessInitializeOnLoadMethodAttributes (8ms)
				AfterProcessingInitializeOnLoad (12ms)
				EditorAssembliesLoaded (1ms)
			ExecutionOrderSort2 (0ms)
			AwakeInstancesAfterBackupRestoration (12ms)
Platform modules already initialized, skipping
Switching build target platform(19) subTarget(0) extendedPlatform(0) -> platform(13) subTarget(537395200) extendedPlatform(0)
Refreshing native plugins compatible for Editor in 0.73 ms, found 5 plugins.
Preloading 0 native plugins for Editor in 0.00 ms.
Unloading 1731 Unused Serialized files (Serialized files now loaded: 0)
System memory in use before: 93.5 MB.
System memory in use after: 93.6 MB.

Unloading 22 unused Assets to reduce memory usage. Loaded Objects now: 2250.
Total: 4.648200 ms (FindLiveObjects: 0.375600 ms CreateObjectMapping: 0.099900 ms MarkObjects: 4.114000 ms  DeleteObjects: 0.056300 ms)

AssetImportParameters requested are different than current active one (requested -> active):
  custom:framework-win-MediaFoundation: 216162199b28c13a410421893ffa2e32 -> 
  custom:video-decoder-ogg-theora: a1e56fd34408186e4bbccfd4996cb3dc -> 
  custom:container-muxer-webm: aa71ff27fc2769a1b78a27578f13a17b -> 
  custom:container-demuxer-webm: 4f35f7cbe854078d1ac9338744f61a02 -> 
  custom:container-demuxer-ogg: 62fdf1f143b41e24485cea50d1cbac27 -> 
  custom:video-encoder-webm-vp8: eb34c28f22e8b96e1ab97ce403110664 -> 
  custom:video-decoder-webm-vp8: 9c59270c3fd7afecdb556c50c9e8de78 -> 
  custom:graphics/normal-map-encoding: 01000000000000000000000000000000 -> 02000000000000000000000000000000
  custom:audio-decoder-ogg-vorbis: bf7c407c2cedff20999df2af8eb42d56 -> 
  custom:audio-encoder-webm-vorbis: bf7c407c2cedff20999df2af8eb42d56 -> 
========================================================================
Received Prepare
Registering precompiled user dll's ...
Registered in 0.015896 seconds.
Begin MonoManager ReloadAssembly
Native extension for WindowsStandalone target not found
Refreshing native plugins compatible for Editor in 1.96 ms, found 5 plugins.
Preloading 0 native plugins for Editor in 0.00 ms.
Mono: successfully reloaded assembly
- Completed reload, in  5.833 seconds
Domain Reload Profiling:
	ReloadAssembly (5835ms)
		BeginReloadAssembly (555ms)
			ExecutionOrderSort (0ms)
			DisableScriptedObjects (28ms)
			BackupInstance (0ms)
			ReleaseScriptingObjects (0ms)
			CreateAndSetChildDomain (164ms)
		EndReloadAssembly (5006ms)
			LoadAssemblies (541ms)
			RebuildTransferFunctionScriptingTraits (0ms)
			SetupTypeCache (1274ms)
			ReleaseScriptCaches (5ms)
			RebuildScriptCaches (294ms)
			SetupLoadedEditorAssemblies (2353ms)
				LogAssemblyErrors (0ms)
				InitializePlatformSupportModulesInManaged (30ms)
				SetLoadedEditorAssemblies (2ms)
				RefreshPlugins (2ms)
				BeforeProcessingInitializeOnLoad (453ms)
				ProcessInitializeOnLoadAttributes (1804ms)
				ProcessInitializeOnLoadMethodAttributes (25ms)
				AfterProcessingInitializeOnLoad (34ms)
				EditorAssembliesLoaded (4ms)
			ExecutionOrderSort2 (0ms)
			AwakeInstancesAfterBackupRestoration (40ms)
Platform modules already initialized, skipping
Switching build target platform(19) subTarget(0) extendedPlatform(0) -> platform(13) subTarget(537395200) extendedPlatform(0)
Refreshing native plugins compatible for Editor in 2.50 ms, found 5 plugins.
Preloading 0 native plugins for Editor in 0.00 ms.
Unloading 1731 Unused Serialized files (Serialized files now loaded: 0)
System memory in use before: 93.5 MB.
System memory in use after: 93.6 MB.

Unloading 22 unused Assets to reduce memory usage. Loaded Objects now: 2252.
Total: 26.666900 ms (FindLiveObjects: 1.790500 ms CreateObjectMapping: 0.821100 ms MarkObjects: 23.883600 ms  DeleteObjects: 0.152500 ms)

AssetImportParameters requested are different than current active one (requested -> active):
  custom:framework-win-MediaFoundation: 216162199b28c13a410421893ffa2e32 -> 
  custom:video-decoder-ogg-theora: a1e56fd34408186e4bbccfd4996cb3dc -> 
  custom:container-muxer-webm: aa71ff27fc2769a1b78a27578f13a17b -> 
  custom:container-demuxer-webm: 4f35f7cbe854078d1ac9338744f61a02 -> 
  custom:container-demuxer-ogg: 62fdf1f143b41e24485cea50d1cbac27 -> 
  custom:video-encoder-webm-vp8: eb34c28f22e8b96e1ab97ce403110664 -> 
  custom:video-decoder-webm-vp8: 9c59270c3fd7afecdb556c50c9e8de78 -> 
  custom:graphics/normal-map-encoding: 01000000000000000000000000000000 -> 02000000000000000000000000000000
  custom:audio-decoder-ogg-vorbis: bf7c407c2cedff20999df2af8eb42d56 -> 
  custom:audio-encoder-webm-vorbis: bf7c407c2cedff20999df2af8eb42d56 -> 
AssetImportWorkerClient::OnTransportError - code=2 error=End of file
